#
# A fatal error has been detected by the Java Runtime Environment:
#
#  EXCEPTION_ACCESS_VIOLATION (0xc0000005) at pc=0x18f9de7a, pid=2552, tid=2728
#
# JRE version: 7.0_11-b21
# Java VM: Java HotSpot(TM) Client VM (23.6-b04 mixed mode windows-x86 )
# Problematic frame:
# C  [OpenAL32.dll+0xde7a]  alProcessUpdatesSOFT+0x122f
#
# Failed to write core dump. Minidumps are not enabled by default on client versions of Windows
#
# If you would like to submit a bug report, please visit:
#   http://bugreport.sun.com/bugreport/crash.jsp
# The crash happened outside the Java Virtual Machine in native code.
# See problematic frame for where to report the bug.
#

---------------  T H R E A D  ---------------

Current thread (0x17449400):  JavaThread "jME3 Audio Thread" daemon [_thread_in_native, id=2728, stack(0x18f40000,0x18f90000)]

siginfo: ExceptionCode=0xc0000005, reading address 0x1740d004

Registers:
EAX=0x1740d004, EBX=0x00000001, ECX=0x19080050, EDX=0x1740b1e0
ESP=0x18f8f6a8, EBP=0x18f8f6d8, ESI=0x19080050, EDI=0x1740cfd4
EIP=0x18f9de7a, EFLAGS=0x00210206

Top of Stack: (sp=0x18f8f6a8)
0x18f8f6a8:   00000001 19080050 00000004 00000002
0x18f8f6b8:   000000ff 17344b48 003c81e0 18f9e54a
0x18f8f6c8:   00000004 0000ac44 0000000c 130b3320
0x18f8f6d8:   18f8f6ec 18f9ef0d 17449400 130b3320
0x18f8f6e8:   130b3320 18f8f73c 17765aa0 19080050
0x18f8f6f8:   1740cfd4 0098f082 17449528 18f8f744
0x18f8f708:   19080050 00000000 1740cfd4 00000000
0x18f8f718:   174081a4 18f8f71c 130b3320 18f8f758 

Instructions: (pc=0x18f9de7a)
0x18f9de5a:   02 8b d9 2b cb 89 4d e0 81 fa 03 00 02 00 75 06
0x18f9de6a:   8b 40 04 89 45 f0 83 45 f8 02 8b 45 f8 8d 04 87
0x18f9de7a:   83 38 00 75 b3 8d 45 f4 50 68 7c e8 fc 18 6a 00
0x18f9de8a:   e8 6a 4e 00 00 b8 40 1f 00 00 83 c4 0c 39 45 f4 


Register to memory mapping:

EAX=0x1740d004 is an unknown value
EBX=0x00000001 is an unknown value
ECX=0x19080050 is an unknown value
EDX=0x1740b1e0 is an unknown value
ESP=0x18f8f6a8 is pointing into the stack for thread: 0x17449400
EBP=0x18f8f6d8 is pointing into the stack for thread: 0x17449400
ESI=0x19080050 is an unknown value
EDI=0x1740cfd4 is an unknown value


Stack: [0x18f40000,0x18f90000],  sp=0x18f8f6a8,  free space=317k
Native frames: (J=compiled Java code, j=interpreted, Vv=VM code, C=native code)
C  [OpenAL32.dll+0xde7a]  alProcessUpdatesSOFT+0x122f
C  [OpenAL32.dll+0xef0d]  alcCreateContext+0x45
C  [lwjgl.dll+0x5aa0]  Java_org_lwjgl_openal_AL11_initNativeStubs+0x470
j  org.lwjgl.openal.ALC10.alcCreateContext(Lorg/lwjgl/openal/ALCdevice;Ljava/nio/IntBuffer;)Lorg/lwjgl/openal/ALCcontext;+8
j  org.lwjgl.openal.AL.init(Ljava/lang/String;IIZZ)V+69
j  org.lwjgl.openal.AL.create(Ljava/lang/String;IIZZ)V+227
j  org.lwjgl.openal.AL.create(Ljava/lang/String;IIZ)V+5
j  org.lwjgl.openal.AL.create()V+6
j  com.jme3.audio.lwjgl.LwjglAudioRenderer.initInThread()V+6
j  com.jme3.audio.lwjgl.LwjglAudioRenderer.run()V+1
j  java.lang.Thread.run()V+11
v  ~StubRoutines::call_stub
V  [jvm.dll+0x12a3ba]
V  [jvm.dll+0x1d97de]
V  [jvm.dll+0x12a5a3]
V  [jvm.dll+0x12a607]
V  [jvm.dll+0xd315f]
V  [jvm.dll+0x14a6b7]
V  [jvm.dll+0x14a820]
V  [jvm.dll+0x17f009]
C  [msvcr100.dll+0x5c6de]  endthreadex+0x3a
C  [msvcr100.dll+0x5c788]  endthreadex+0xe4
C  [kernel32.dll+0xb729]  GetModuleFileNameA+0x1ba

Java frames: (J=compiled Java code, j=interpreted, Vv=VM code)
j  org.lwjgl.openal.ALC10.nalcCreateContext(JJ)J+0
j  org.lwjgl.openal.ALC10.alcCreateContext(Lorg/lwjgl/openal/ALCdevice;Ljava/nio/IntBuffer;)Lorg/lwjgl/openal/ALCcontext;+8
j  org.lwjgl.openal.AL.init(Ljava/lang/String;IIZZ)V+69
j  org.lwjgl.openal.AL.create(Ljava/lang/String;IIZZ)V+227
j  org.lwjgl.openal.AL.create(Ljava/lang/String;IIZ)V+5
j  org.lwjgl.openal.AL.create()V+6
j  com.jme3.audio.lwjgl.LwjglAudioRenderer.initInThread()V+6
j  com.jme3.audio.lwjgl.LwjglAudioRenderer.run()V+1
j  java.lang.Thread.run()V+11
v  ~StubRoutines::call_stub

---------------  P R O C E S S  ---------------

Java Threads: ( => current thread )
=>0x17449400 JavaThread "jME3 Audio Thread" daemon [_thread_in_native, id=2728, stack(0x18f40000,0x18f90000)]
  0x003c9800 JavaThread "DestroyJavaVM" [_thread_blocked, id=2284, stack(0x00900000,0x00950000)]
  0x1732b000 JavaThread "LWJGL Renderer Thread" [_thread_blocked, id=2732, stack(0x17710000,0x17760000)]
  0x16ed2800 JavaThread "AWT-Windows" daemon [_thread_in_native, id=1608, stack(0x17270000,0x172c0000)]
  0x16ed0c00 JavaThread "AWT-Shutdown" [_thread_blocked, id=1776, stack(0x17220000,0x17270000)]
  0x16ecf400 JavaThread "Java2D Disposer" daemon [_thread_blocked, id=3808, stack(0x171d0000,0x17220000)]
  0x16d6e400 JavaThread "Service Thread" daemon [_thread_blocked, id=3488, stack(0x17130000,0x17180000)]
  0x16d6bc00 JavaThread "C1 CompilerThread0" daemon [_thread_blocked, id=2640, stack(0x170e0000,0x17130000)]
  0x16d64400 JavaThread "JDWP Command Reader" daemon [_thread_in_native, id=2024, stack(0x17090000,0x170e0000)]
  0x16d62c00 JavaThread "JDWP Event Helper Thread" daemon [_thread_blocked, id=3768, stack(0x17040000,0x17090000)]
  0x16d60000 JavaThread "JDWP Transport Listener: dt_shmem" daemon [_thread_blocked, id=2200, stack(0x16ff0000,0x17040000)]
  0x16d53800 JavaThread "Attach Listener" daemon [_thread_blocked, id=2080, stack(0x16f80000,0x16fd0000)]
  0x16d52000 JavaThread "Signal Dispatcher" daemon [_thread_blocked, id=1504, stack(0x16f30000,0x16f80000)]
  0x02ae7400 JavaThread "Finalizer" daemon [_thread_blocked, id=2940, stack(0x16ce0000,0x16d30000)]
  0x02ae2400 JavaThread "Reference Handler" daemon [_thread_blocked, id=804, stack(0x16c90000,0x16ce0000)]

Other Threads:
  0x02adc800 VMThread [stack: 0x16c40000,0x16c90000] [id=3948]
  0x16d82c00 WatcherThread [stack: 0x17180000,0x171d0000] [id=1936]

VM state:not at safepoint (normal execution)

VM Mutex/Monitor currently owned by a thread: None

Heap
 def new generation   total 4928K, used 1706K [0x02b00000, 0x03050000, 0x08050000)
  eden space 4416K,  27% used [0x02b00000, 0x02c2a858, 0x02f50000)
  from space 512K, 100% used [0x02f50000, 0x02fd0000, 0x02fd0000)
  to   space 512K,   0% used [0x02fd0000, 0x02fd0000, 0x03050000)
 tenured generation   total 10944K, used 1979K [0x08050000, 0x08b00000, 0x12b00000)
   the space 10944K,  18% used [0x08050000, 0x0823ed70, 0x0823ee00, 0x08b00000)
 compacting perm gen  total 12288K, used 5847K [0x12b00000, 0x13700000, 0x16b00000)
   the space 12288K,  47% used [0x12b00000, 0x130b5f60, 0x130b6000, 0x13700000)
No shared spaces configured.

Card table byte_map: [0x16b00000,0x16bb0000] byte_map_base: 0x16aea800

Polling page: 0x00950000

Code Cache  [0x00980000, 0x00a58000, 0x02980000)
 total_blobs=399 nmethods=155 adapters=187 free_code_cache=31906Kb largest_free_block=32672704

Compilation events (10 events):
Event: 0.551 Thread 0x16d6bc00  151             java.lang.StringBuilder::<init> (7 bytes)
Event: 0.551 Thread 0x16d6bc00 nmethod 151 0x00a564c8 code [0x00a565c0, 0x00a566d0]
Event: 0.551 Thread 0x16d6bc00  152             java.lang.System::getSecurityManager (4 bytes)
Event: 0.551 Thread 0x16d6bc00 nmethod 152 0x00a56748 code [0x00a56840, 0x00a568b0]
Event: 0.567 Thread 0x16d6bc00  153             java.lang.ClassLoader::checkName (43 bytes)
Event: 0.568 Thread 0x16d6bc00 nmethod 153 0x00a56908 code [0x00a56a30, 0x00a56bf8]
Event: 0.568 Thread 0x16d6bc00  154             sun.misc.VM::allowArraySyntax (4 bytes)
Event: 0.568 Thread 0x16d6bc00 nmethod 154 0x00a56e48 code [0x00a56f40, 0x00a56fc0]
Event: 0.577 Thread 0x16d6bc00  155             java.util.Hashtable::hash (63 bytes)
Event: 0.577 Thread 0x16d6bc00 nmethod 155 0x00a57008 code [0x00a57140, 0x00a572c4]

GC Heap History (4 events):
Event: 0.342 GC heap before
{Heap before GC invocations=0 (full 0):
 def new generation   total 4928K, used 4416K [0x02b00000, 0x03050000, 0x08050000)
  eden space 4416K, 100% used [0x02b00000, 0x02f50000, 0x02f50000)
  from space 512K,   0% used [0x02f50000, 0x02f50000, 0x02fd0000)
  to   space 512K,   0% used [0x02fd0000, 0x02fd0000, 0x03050000)
 tenured generation   total 10944K, used 0K [0x08050000, 0x08b00000, 0x12b00000)
   the space 10944K,   0% used [0x08050000, 0x08050000, 0x08050200, 0x08b00000)
 compacting perm gen  total 12288K, used 4334K [0x12b00000, 0x13700000, 0x16b00000)
   the space 12288K,  35% used [0x12b00000, 0x12f3b8c8, 0x12f3ba00, 0x13700000)
No shared spaces configured.
Event: 0.346 GC heap after
Heap after GC invocations=1 (full 0):
 def new generation   total 4928K, used 512K [0x02b00000, 0x03050000, 0x08050000)
  eden space 4416K,   0% used [0x02b00000, 0x02b00000, 0x02f50000)
  from space 512K, 100% used [0x02fd0000, 0x03050000, 0x03050000)
  to   space 512K,   0% used [0x02f50000, 0x02f50000, 0x02fd0000)
 tenured generation   total 10944K, used 802K [0x08050000, 0x08b00000, 0x12b00000)
   the space 10944K,   7% used [0x08050000, 0x08118a08, 0x08118c00, 0x08b00000)
 compacting perm gen  total 12288K, used 4334K [0x12b00000, 0x13700000, 0x16b00000)
   the space 12288K,  35% used [0x12b00000, 0x12f3b8c8, 0x12f3ba00, 0x13700000)
No shared spaces configured.
}
Event: 0.540 GC heap before
{Heap before GC invocations=1 (full 0):
 def new generation   total 4928K, used 4928K [0x02b00000, 0x03050000, 0x08050000)
  eden space 4416K, 100% used [0x02b00000, 0x02f50000, 0x02f50000)
  from space 512K, 100% used [0x02fd0000, 0x03050000, 0x03050000)
  to   space 512K,   0% used [0x02f50000, 0x02f50000, 0x02fd0000)
 tenured generation   total 10944K, used 802K [0x08050000, 0x08b00000, 0x12b00000)
   the space 10944K,   7% used [0x08050000, 0x08118a08, 0x08118c00, 0x08b00000)
 compacting perm gen  total 12288K, used 5551K [0x12b00000, 0x13700000, 0x16b00000)
   the space 12288K,  45% used [0x12b00000, 0x1306bea8, 0x1306c000, 0x13700000)
No shared spaces configured.
Event: 0.546 GC heap after
Heap after GC invocations=2 (full 0):
 def new generation   total 4928K, used 512K [0x02b00000, 0x03050000, 0x08050000)
  eden space 4416K,   0% used [0x02b00000, 0x02b00000, 0x02f50000)
  from space 512K, 100% used [0x02f50000, 0x02fd0000, 0x02fd0000)
  to   space 512K,   0% used [0x02fd0000, 0x02fd0000, 0x03050000)
 tenured generation   total 10944K, used 1979K [0x08050000, 0x08b00000, 0x12b00000)
   the space 10944K,  18% used [0x08050000, 0x0823ed70, 0x0823ee00, 0x08b00000)
 compacting perm gen  total 12288K, used 5551K [0x12b00000, 0x13700000, 0x16b00000)
   the space 12288K,  45% used [0x12b00000, 0x1306bea8, 0x1306c000, 0x13700000)
No shared spaces configured.
}

Deoptimization events (0 events):
No events

Internal exceptions (10 events):
Event: 0.578 Thread 0x17449400 Threw 0x02c08080 at C:\jdk7u1_32P\jdk7u11\hotspot\src\share\vm\prims\jni.cpp:716
Event: 0.578 Thread 0x17449400 Threw 0x02c085d0 at C:\jdk7u1_32P\jdk7u11\hotspot\src\share\vm\prims\jni.cpp:716
Event: 0.578 Thread 0x17449400 Threw 0x02c08b48 at C:\jdk7u1_32P\jdk7u11\hotspot\src\share\vm\prims\jni.cpp:716
Event: 0.578 Thread 0x17449400 Threw 0x02c09028 at C:\jdk7u1_32P\jdk7u11\hotspot\src\share\vm\prims\jni.cpp:716
Event: 0.578 Thread 0x17449400 Threw 0x02c09618 at C:\jdk7u1_32P\jdk7u11\hotspot\src\share\vm\prims\jni.cpp:716
Event: 0.582 Thread 0x17449400 Threw 0x02c09de0 at C:\jdk7u1_32P\jdk7u11\hotspot\src\share\vm\prims\jvm.cpp:1166
Event: 0.583 Thread 0x17449400 Threw 0x02c14730 at C:\jdk7u1_32P\jdk7u11\hotspot\src\share\vm\prims\jvm.cpp:1166
Event: 0.610 Thread 0x17449400 Threw 0x02c1acc0 at C:\jdk7u1_32P\jdk7u11\hotspot\src\share\vm\prims\jvm.cpp:1166
Event: 0.611 Thread 0x17449400 Threw 0x02c1e298 at C:\jdk7u1_32P\jdk7u11\hotspot\src\share\vm\prims\jvm.cpp:1166
Event: 0.611 Thread 0x17449400 Threw 0x02c21230 at C:\jdk7u1_32P\jdk7u11\hotspot\src\share\vm\prims\jvm.cpp:1166

Events (10 events):
Event: 0.581 loading class 0x17386088
Event: 0.582 loading class 0x17386088 done
Event: 0.582 loading class 0x17385628
Event: 0.582 loading class 0x17385628 done
Event: 0.610 loading class 0x1740fc58
Event: 0.610 loading class 0x1740fc58 done
Event: 0.611 loading class 0x17408d38
Event: 0.611 loading class 0x17408d38 done
Event: 0.611 loading class 0x1740fc88
Event: 0.611 loading class 0x1740fc88 done


Dynamic libraries:
0x00400000 - 0x0042f000 	C:\Program Files\jmonkeyplatform\jdk\bin\java.exe
0x7c900000 - 0x7c9b2000 	C:\WINDOWS\system32\ntdll.dll
0x7c800000 - 0x7c8f6000 	C:\WINDOWS\system32\kernel32.dll
0x77dd0000 - 0x77e6b000 	C:\WINDOWS\system32\ADVAPI32.dll
0x77e70000 - 0x77f03000 	C:\WINDOWS\system32\RPCRT4.dll
0x77fe0000 - 0x77ff1000 	C:\WINDOWS\system32\Secur32.dll
0x7e410000 - 0x7e4a1000 	C:\WINDOWS\system32\USER32.dll
0x77f10000 - 0x77f59000 	C:\WINDOWS\system32\GDI32.dll
0x773d0000 - 0x774d3000 	C:\WINDOWS\WinSxS\x86_Microsoft.Windows.Common-Controls_6595b64144ccf1df_6.0.2600.6028_x-ww_61e65202\COMCTL32.dll
0x77c10000 - 0x77c68000 	C:\WINDOWS\system32\msvcrt.dll
0x77f60000 - 0x77fd6000 	C:\WINDOWS\system32\SHLWAPI.dll
0x78aa0000 - 0x78b5e000 	C:\Program Files\jmonkeyplatform\jdk\jre\bin\msvcr100.dll
0x6e8d0000 - 0x6ec1c000 	C:\Program Files\jmonkeyplatform\jdk\jre\bin\client\jvm.dll
0x71ad0000 - 0x71ad9000 	C:\WINDOWS\system32\WSOCK32.dll
0x71ab0000 - 0x71ac7000 	C:\WINDOWS\system32\WS2_32.dll
0x71aa0000 - 0x71aa8000 	C:\WINDOWS\system32\WS2HELP.dll
0x76b40000 - 0x76b6d000 	C:\WINDOWS\system32\WINMM.dll
0x76bf0000 - 0x76bfb000 	C:\WINDOWS\system32\PSAPI.DLL
0x6e820000 - 0x6e82c000 	C:\Program Files\jmonkeyplatform\jdk\jre\bin\verify.dll
0x6d5a0000 - 0x6d5c0000 	C:\Program Files\jmonkeyplatform\jdk\jre\bin\java.dll
0x6d6c0000 - 0x6d6ea000 	C:\Program Files\jmonkeyplatform\jdk\jre\bin\jdwp.dll
0x6e670000 - 0x6e677000 	C:\Program Files\jmonkeyplatform\jdk\jre\bin\npt.dll
0x6e8b0000 - 0x6e8c3000 	C:\Program Files\jmonkeyplatform\jdk\jre\bin\zip.dll
0x6d350000 - 0x6d359000 	C:\Program Files\jmonkeyplatform\jdk\jre\bin\dt_shmem.dll
0x6d110000 - 0x6d252000 	C:\Program Files\jmonkeyplatform\jdk\jre\bin\awt.dll
0x77120000 - 0x771ab000 	C:\WINDOWS\system32\OLEAUT32.dll
0x774e0000 - 0x7761e000 	C:\WINDOWS\system32\ole32.dll
0x5ad70000 - 0x5ada8000 	C:\WINDOWS\system32\uxtheme.dll
0x6e5c0000 - 0x6e5d4000 	C:\Program Files\jmonkeyplatform\jdk\jre\bin\net.dll
0x6e5e0000 - 0x6e5ef000 	C:\Program Files\jmonkeyplatform\jdk\jre\bin\nio.dll
0x17760000 - 0x177ac000 	C:\Documents and Settings\Nick\Desktop\Sem6 Programming\JM Projects\custommesh\lwjgl.dll
0x5ed00000 - 0x5edcc000 	C:\WINDOWS\system32\OPENGL32.dll
0x68b20000 - 0x68b40000 	C:\WINDOWS\system32\GLU32.dll
0x73760000 - 0x737ab000 	C:\WINDOWS\system32\DDRAW.dll
0x73bc0000 - 0x73bc6000 	C:\WINDOWS\system32\DCIMAN32.dll
0x77c00000 - 0x77c08000 	C:\WINDOWS\system32\VERSION.dll
0x69500000 - 0x6a31d000 	C:\WINDOWS\system32\nvoglnt.dll
0x73b30000 - 0x73b45000 	C:\WINDOWS\system32\mscms.dll
0x73000000 - 0x73026000 	C:\WINDOWS\system32\WINSPOOL.DRV
0x66e90000 - 0x66ed1000 	C:\WINDOWS\system32\icm32.dll
0x18680000 - 0x18688000 	C:\Program Files\volumouse_beta\vlmshlp.dll
0x18f90000 - 0x18ff5000 	C:\Documents and Settings\Nick\Desktop\Sem6 Programming\JM Projects\custommesh\OpenAL32.dll
0x7c9c0000 - 0x7d1d8000 	C:\WINDOWS\system32\SHELL32.dll
0x76fd0000 - 0x7704f000 	C:\WINDOWS\system32\CLBCATQ.DLL
0x77050000 - 0x77115000 	C:\WINDOWS\system32\COMRes.dll
0x73f10000 - 0x73f6c000 	C:\WINDOWS\system32\dsound.dll
0x76c30000 - 0x76c5e000 	C:\WINDOWS\system32\WINTRUST.dll
0x77a80000 - 0x77b15000 	C:\WINDOWS\system32\CRYPT32.dll
0x77b20000 - 0x77b32000 	C:\WINDOWS\system32\MSASN1.dll
0x76c90000 - 0x76cb8000 	C:\WINDOWS\system32\IMAGEHLP.dll
0x72d20000 - 0x72d29000 	C:\WINDOWS\system32\wdmaud.drv
0x72d10000 - 0x72d18000 	C:\WINDOWS\system32\msacm32.drv
0x77be0000 - 0x77bf5000 	C:\WINDOWS\system32\MSACM32.dll
0x77bd0000 - 0x77bd7000 	C:\WINDOWS\system32\midimap.dll
0x73ee0000 - 0x73ee4000 	C:\WINDOWS\system32\KsUser.dll
0x59a60000 - 0x59b01000 	C:\WINDOWS\system32\dbghelp.dll

VM Arguments:
jvm_args: -Xdebug -Xrunjdwp:transport=dt_shmem,address=javadebug -Dfile.encoding=UTF-8 
java_command: mygame.Main
Launcher Type: SUN_STANDARD

Environment Variables:
PATH=C:\WINDOWS\system32;C:\WINDOWS;C:\WINDOWS\system32\WBEM;C:\Program Files\MATLAB\R2013b\bin;C:\Program Files\Calibre2\;C:\Program Files\SSH Communications Security\SSH Secure Shell
USERNAME=Nick
OS=Windows_NT
PROCESSOR_IDENTIFIER=x86 Family 16 Model 4 Stepping 3, AuthenticAMD



---------------  S Y S T E M  ---------------

OS: Windows XP Build 2600 Service Pack 3

CPU:total 4 (4 cores per cpu, 1 threads per core) family 16 model 4 stepping 3, cmov, cx8, fxsr, mmx, sse, sse2, sse3, popcnt, mmxext, 3dnowpref, lzcnt, sse4a, tsc, tscinvbit, tscinv

Memory: 4k page, physical 3274856k(1207836k free), swap 5730820k(3696320k free)

vm_info: Java HotSpot(TM) Client VM (23.6-b04) for windows-x86 JRE (1.7.0_11-b21), built on Jan 12 2013 02:19:22 by "java_re" with unknown MS VC++:1600

time: Wed Apr 02 23:01:52 2014
elapsed time: 0 seconds

